{"G:\\Ghost-Projects\\Creator-Trends\\services\\user-service\\src\\server.ts": {"path":"G:\\Ghost-Projects\\Creator-Trends\\services\\user-service\\src\\server.ts","statementMap":{"0":{"start":{"line":1,"column":0},"end":{"line":1,"column":67}},"1":{"start":{"line":2,"column":0},"end":{"line":2,"column":45}},"2":{"start":{"line":3,"column":0},"end":{"line":3,"column":59}},"3":{"start":{"line":4,"column":0},"end":{"line":4,"column":36}},"4":{"start":{"line":5,"column":0},"end":{"line":5,"column":39}},"5":{"start":{"line":6,"column":0},"end":{"line":6,"column":45}},"6":{"start":{"line":7,"column":0},"end":{"line":7,"column":47}},"7":{"start":{"line":8,"column":0},"end":{"line":8,"column":37}},"8":{"start":{"line":10,"column":12},"end":{"line":10,"column":21}},"9":{"start":{"line":13,"column":17},"end":{"line":13,"column":31}},"10":{"start":{"line":16,"column":13},"end":{"line":20,"column":3}},"11":{"start":{"line":22,"column":13},"end":{"line":27,"column":3}},"12":{"start":{"line":29,"column":40},"end":{"line":35,"column":2}},"13":{"start":{"line":38,"column":26},"end":{"line":50,"column":2}},"14":{"start":{"line":52,"column":0},"end":{"line":52,"column":27}},"15":{"start":{"line":53,"column":0},"end":{"line":53,"column":24}},"16":{"start":{"line":56,"column":0},"end":{"line":66,"column":2}},"17":{"start":{"line":59,"column":16},"end":{"line":59,"column":60}},"18":{"start":{"line":60,"column":4},"end":{"line":62,"column":7}},"19":{"start":{"line":61,"column":6},"end":{"line":61,"column":80}},"20":{"start":{"line":63,"column":4},"end":{"line":63,"column":11}},"21":{"start":{"line":68,"column":0},"end":{"line":78,"column":2}},"22":{"start":{"line":71,"column":16},"end":{"line":71,"column":60}},"23":{"start":{"line":72,"column":4},"end":{"line":74,"column":7}},"24":{"start":{"line":73,"column":6},"end":{"line":73,"column":80}},"25":{"start":{"line":75,"column":4},"end":{"line":75,"column":11}},"26":{"start":{"line":80,"column":0},"end":{"line":80,"column":18}},"27":{"start":{"line":83,"column":0},"end":{"line":86,"column":3}},"28":{"start":{"line":84,"column":2},"end":{"line":84,"column":26}},"29":{"start":{"line":85,"column":2},"end":{"line":85,"column":59}},"30":{"start":{"line":88,"column":27},"end":{"line":100,"column":1}},"31":{"start":{"line":89,"column":2},"end":{"line":99,"column":3}},"32":{"start":{"line":90,"column":4},"end":{"line":90,"column":76}},"33":{"start":{"line":91,"column":4},"end":{"line":91,"column":59}},"34":{"start":{"line":92,"column":17},"end":{"line":92,"column":41}},"35":{"start":{"line":93,"column":4},"end":{"line":95,"column":7}},"36":{"start":{"line":94,"column":6},"end":{"line":94,"column":58}},"37":{"start":{"line":97,"column":4},"end":{"line":97,"column":51}},"38":{"start":{"line":98,"column":4},"end":{"line":98,"column":20}},"39":{"start":{"line":88,"column":13},"end":{"line":88,"column":27}},"40":{"start":{"line":102,"column":0},"end":{"line":109,"column":1}},"41":{"start":{"line":103,"column":2},"end":{"line":108,"column":7}},"42":{"start":{"line":104,"column":16},"end":{"line":104,"column":58}},"43":{"start":{"line":106,"column":6},"end":{"line":106,"column":52}},"44":{"start":{"line":107,"column":6},"end":{"line":107,"column":22}},"45":{"start":{"line":111,"column":0},"end":{"line":111,"column":19}}},"fnMap":{"0":{"name":"(anonymous_1)","decl":{"start":{"line":58,"column":2},"end":{"line":58,"column":3}},"loc":{"start":{"line":58,"column":21},"end":{"line":64,"column":3}}},"1":{"name":"(anonymous_2)","decl":{"start":{"line":60,"column":21},"end":{"line":60,"column":24}},"loc":{"start":{"line":60,"column":26},"end":{"line":62,"column":5}}},"2":{"name":"(anonymous_3)","decl":{"start":{"line":70,"column":2},"end":{"line":70,"column":3}},"loc":{"start":{"line":70,"column":21},"end":{"line":76,"column":3}}},"3":{"name":"(anonymous_4)","decl":{"start":{"line":72,"column":21},"end":{"line":72,"column":24}},"loc":{"start":{"line":72,"column":26},"end":{"line":74,"column":5}}},"4":{"name":"(anonymous_5)","decl":{"start":{"line":83,"column":8},"end":{"line":83,"column":9}},"loc":{"start":{"line":83,"column":74},"end":{"line":86,"column":1}}},"5":{"name":"(anonymous_6)","decl":{"start":{"line":88,"column":27},"end":{"line":88,"column":32}},"loc":{"start":{"line":88,"column":38},"end":{"line":100,"column":1}}},"6":{"name":"(anonymous_7)","decl":{"start":{"line":93,"column":21},"end":{"line":93,"column":24}},"loc":{"start":{"line":93,"column":26},"end":{"line":95,"column":5}}},"7":{"name":"(anonymous_8)","decl":{"start":{"line":104,"column":10},"end":{"line":104,"column":13}},"loc":{"start":{"line":104,"column":16},"end":{"line":104,"column":58}}},"8":{"name":"(anonymous_9)","decl":{"start":{"line":105,"column":11},"end":{"line":105,"column":12}},"loc":{"start":{"line":105,"column":21},"end":{"line":108,"column":5}}}},"branchMap":{"0":{"loc":{"start":{"line":92,"column":17},"end":{"line":92,"column":41}},"type":"binary-expr","locations":[{"start":{"line":92,"column":17},"end":{"line":92,"column":33}},{"start":{"line":92,"column":37},"end":{"line":92,"column":41}}]},"1":{"loc":{"start":{"line":102,"column":0},"end":{"line":109,"column":1}},"type":"if","locations":[{"start":{"line":102,"column":0},"end":{"line":109,"column":1}}]}},"s":{"0":2,"1":2,"2":2,"3":2,"4":2,"5":2,"6":2,"7":2,"8":2,"9":2,"10":2,"11":2,"12":2,"13":2,"14":2,"15":2,"16":2,"17":6,"18":6,"19":6,"20":6,"21":2,"22":2,"23":2,"24":2,"25":2,"26":2,"27":2,"28":0,"29":0,"30":2,"31":0,"32":0,"33":0,"34":0,"35":0,"36":0,"37":0,"38":0,"39":2,"40":2,"41":0,"42":0,"43":0,"44":0,"45":2},"f":{"0":6,"1":6,"2":2,"3":2,"4":0,"5":0,"6":0,"7":0,"8":0},"b":{"0":[0,0],"1":[0]}}
,"G:\\Ghost-Projects\\Creator-Trends\\services\\user-service\\src\\config\\db.ts": {"path":"G:\\Ghost-Projects\\Creator-Trends\\services\\user-service\\src\\config\\db.ts","statementMap":{"0":{"start":{"line":1,"column":0},"end":{"line":1,"column":38}},"1":{"start":{"line":2,"column":0},"end":{"line":2,"column":29}},"2":{"start":{"line":3,"column":0},"end":{"line":3,"column":33}},"3":{"start":{"line":5,"column":0},"end":{"line":5,"column":null}},"4":{"start":{"line":6,"column":2},"end":{"line":6,"column":null}},"5":{"start":{"line":7,"column":2},"end":{"line":7,"column":null}},"6":{"start":{"line":8,"column":2},"end":{"line":8,"column":null}},"7":{"start":{"line":9,"column":2},"end":{"line":9,"column":null}},"8":{"start":{"line":12,"column":50},"end":{"line":17,"column":2}},"9":{"start":{"line":19,"column":13},"end":{"line":19,"column":76}},"10":{"start":{"line":20,"column":19},"end":{"line":20,"column":73}},"11":{"start":{"line":22,"column":0},"end":{"line":22,"column":65}},"12":{"start":{"line":23,"column":0},"end":{"line":23,"column":36}},"13":{"start":{"line":25,"column":20},"end":{"line":25,"column":44}},"14":{"start":{"line":26,"column":0},"end":{"line":26,"column":51}},"15":{"start":{"line":28,"column":0},"end":{"line":30,"column":1}},"16":{"start":{"line":29,"column":2},"end":{"line":29,"column":76}},"17":{"start":{"line":33,"column":2},"end":{"line":33,"column":64}},"18":{"start":{"line":35,"column":18},"end":{"line":38,"column":2}},"19":{"start":{"line":40,"column":14},"end":{"line":40,"column":79}},"20":{"start":{"line":40,"column":30},"end":{"line":40,"column":79}},"21":{"start":{"line":40,"column":55},"end":{"line":40,"column":78}},"22":{"start":{"line":42,"column":28},"end":{"line":62,"column":1}},"23":{"start":{"line":43,"column":2},"end":{"line":61,"column":3}},"24":{"start":{"line":44,"column":4},"end":{"line":44,"column":22}},"25":{"start":{"line":46,"column":4},"end":{"line":46,"column":35}},"26":{"start":{"line":47,"column":4},"end":{"line":49,"column":6}},"27":{"start":{"line":51,"column":4},"end":{"line":54,"column":5}},"28":{"start":{"line":52,"column":6},"end":{"line":52,"column":29}},"29":{"start":{"line":53,"column":6},"end":{"line":53,"column":41}},"30":{"start":{"line":56,"column":4},"end":{"line":56,"column":69}},"31":{"start":{"line":57,"column":4},"end":{"line":57,"column":55}},"32":{"start":{"line":59,"column":4},"end":{"line":59,"column":63}},"33":{"start":{"line":60,"column":4},"end":{"line":60,"column":16}},"34":{"start":{"line":42,"column":13},"end":{"line":42,"column":28}},"35":{"start":{"line":64,"column":0},"end":{"line":64,"column":25}}},"fnMap":{"0":{"name":"(anonymous_6)","decl":{"start":{"line":5,"column":0},"end":{"line":5,"column":5}},"loc":{"start":{"line":5,"column":16},"end":{"line":10,"column":1}}},"1":{"name":"(anonymous_7)","decl":{"start":{"line":40,"column":14},"end":{"line":40,"column":15}},"loc":{"start":{"line":40,"column":30},"end":{"line":40,"column":79}}},"2":{"name":"(anonymous_8)","decl":{"start":{"line":40,"column":42},"end":{"line":40,"column":43}},"loc":{"start":{"line":40,"column":55},"end":{"line":40,"column":78}}},"3":{"name":"(anonymous_9)","decl":{"start":{"line":42,"column":28},"end":{"line":42,"column":33}},"loc":{"start":{"line":42,"column":39},"end":{"line":62,"column":1}}}},"branchMap":{"0":{"loc":{"start":{"line":5,"column":5},"end":{"line":5,"column":null}},"type":"binary-expr","locations":[{"start":{"line":5,"column":5},"end":{"line":5,"column":16}},{"start":{"line":5,"column":5},"end":{"line":5,"column":null}}]},"1":{"loc":{"start":{"line":19,"column":13},"end":{"line":19,"column":76}},"type":"binary-expr","locations":[{"start":{"line":19,"column":13},"end":{"line":19,"column":49}},{"start":{"line":19,"column":53},"end":{"line":19,"column":76}}]},"2":{"loc":{"start":{"line":28,"column":0},"end":{"line":30,"column":1}},"type":"if","locations":[{"start":{"line":28,"column":0},"end":{"line":30,"column":1}}]},"3":{"loc":{"start":{"line":33,"column":2},"end":{"line":33,"column":64}},"type":"cond-expr","locations":[{"start":{"line":33,"column":45},"end":{"line":33,"column":56}},{"start":{"line":33,"column":59},"end":{"line":33,"column":64}}]},"4":{"loc":{"start":{"line":51,"column":4},"end":{"line":54,"column":5}},"type":"if","locations":[{"start":{"line":51,"column":4},"end":{"line":54,"column":5}}]}},"s":{"0":3,"1":3,"2":3,"3":3,"4":3,"5":3,"6":3,"7":3,"8":3,"9":3,"10":3,"11":3,"12":3,"13":3,"14":3,"15":3,"16":0,"17":3,"18":3,"19":3,"20":3,"21":3,"22":3,"23":3,"24":3,"25":3,"26":3,"27":3,"28":3,"29":3,"30":3,"31":3,"32":0,"33":0,"34":3,"35":3},"f":{"0":3,"1":3,"2":3,"3":3},"b":{"0":[3,3],"1":[3,0],"2":[0],"3":[0,3],"4":[3]}}
,"G:\\Ghost-Projects\\Creator-Trends\\services\\user-service\\src\\config\\logger.ts": {"path":"G:\\Ghost-Projects\\Creator-Trends\\services\\user-service\\src\\config\\logger.ts","statementMap":{"0":{"start":{"line":1,"column":0},"end":{"line":1,"column":59}},"1":{"start":{"line":2,"column":0},"end":{"line":2,"column":24}},"2":{"start":{"line":3,"column":0},"end":{"line":3,"column":56}},"3":{"start":{"line":4,"column":0},"end":{"line":4,"column":20}},"4":{"start":{"line":8,"column":16},"end":{"line":8,"column":73}},"5":{"start":{"line":9,"column":18},"end":{"line":9,"column":49}},"6":{"start":{"line":10,"column":21},"end":{"line":10,"column":63}},"7":{"start":{"line":11,"column":22},"end":{"line":11,"column":59}},"8":{"start":{"line":15,"column":15},"end":{"line":39,"column":2}},"9":{"start":{"line":43,"column":0},"end":{"line":49,"column":1}},"10":{"start":{"line":44,"column":2},"end":{"line":48,"column":4}},"11":{"start":{"line":52,"column":0},"end":{"line":52,"column":27}},"12":{"start":{"line":57,"column":2},"end":{"line":62,"column":3}},"13":{"start":{"line":58,"column":4},"end":{"line":58,"column":47}},"14":{"start":{"line":60,"column":4},"end":{"line":60,"column":57}},"15":{"start":{"line":61,"column":4},"end":{"line":61,"column":20}},"16":{"start":{"line":67,"column":0},"end":{"line":67,"column":22}}},"fnMap":{"0":{"name":"ensureLogDirectoryExists","decl":{"start":{"line":56,"column":9},"end":{"line":56,"column":33}},"loc":{"start":{"line":56,"column":33},"end":{"line":63,"column":1}}}},"branchMap":{"0":{"loc":{"start":{"line":8,"column":16},"end":{"line":8,"column":73}},"type":"binary-expr","locations":[{"start":{"line":8,"column":16},"end":{"line":8,"column":35}},{"start":{"line":8,"column":39},"end":{"line":8,"column":73}}]},"1":{"loc":{"start":{"line":9,"column":18},"end":{"line":9,"column":49}},"type":"binary-expr","locations":[{"start":{"line":9,"column":18},"end":{"line":9,"column":39}},{"start":{"line":9,"column":43},"end":{"line":9,"column":49}}]},"2":{"loc":{"start":{"line":10,"column":21},"end":{"line":10,"column":63}},"type":"binary-expr","locations":[{"start":{"line":10,"column":21},"end":{"line":10,"column":45}},{"start":{"line":10,"column":49},"end":{"line":10,"column":63}}]},"3":{"loc":{"start":{"line":43,"column":0},"end":{"line":49,"column":1}},"type":"if","locations":[{"start":{"line":43,"column":0},"end":{"line":49,"column":1}}]}},"s":{"0":2,"1":2,"2":2,"3":2,"4":2,"5":2,"6":2,"7":2,"8":2,"9":2,"10":2,"11":2,"12":2,"13":2,"14":0,"15":0,"16":2},"f":{"0":2},"b":{"0":[2,2],"1":[2,2],"2":[2,2],"3":[2]}}
,"G:\\Ghost-Projects\\Creator-Trends\\services\\user-service\\src\\config\\swagger.ts": {"path":"G:\\Ghost-Projects\\Creator-Trends\\services\\user-service\\src\\config\\swagger.ts","statementMap":{"0":{"start":{"line":1,"column":0},"end":{"line":1,"column":43}},"1":{"start":{"line":3,"column":0},"end":{"line":3,"column":20}},"2":{"start":{"line":4,"column":0},"end":{"line":4,"column":27}},"3":{"start":{"line":5,"column":0},"end":{"line":5,"column":24}},"4":{"start":{"line":8,"column":21},"end":{"line":8,"column":77}},"5":{"start":{"line":10,"column":43},"end":{"line":10,"column":45}},"6":{"start":{"line":35,"column":9},"end":{"line":35,"column":24}},"7":{"start":{"line":12,"column":0},"end":{"line":22,"column":1}},"8":{"start":{"line":14,"column":2},"end":{"line":17,"column":4}},"9":{"start":{"line":19,"column":2},"end":{"line":21,"column":4}},"10":{"start":{"line":24,"column":21},"end":{"line":33,"column":1}},"11":{"start":{"line":25,"column":2},"end":{"line":32,"column":3}},"12":{"start":{"line":27,"column":4},"end":{"line":27,"column":76}},"13":{"start":{"line":28,"column":4},"end":{"line":31,"column":7}},"14":{"start":{"line":29,"column":6},"end":{"line":29,"column":56}},"15":{"start":{"line":30,"column":6},"end":{"line":30,"column":32}},"16":{"start":{"line":35,"column":26},"end":{"line":35,"column":38}}},"fnMap":{"0":{"name":"(anonymous_1)","decl":{"start":{"line":24,"column":21},"end":{"line":24,"column":22}},"loc":{"start":{"line":24,"column":42},"end":{"line":33,"column":1}}},"1":{"name":"(anonymous_2)","decl":{"start":{"line":28,"column":29},"end":{"line":28,"column":30}},"loc":{"start":{"line":28,"column":43},"end":{"line":31,"column":5}}}},"branchMap":{"0":{"loc":{"start":{"line":25,"column":2},"end":{"line":32,"column":3}},"type":"if","locations":[{"start":{"line":25,"column":2},"end":{"line":32,"column":3}}]}},"s":{"0":2,"1":2,"2":2,"3":2,"4":2,"5":2,"6":2,"7":2,"8":2,"9":0,"10":2,"11":2,"12":2,"13":2,"14":0,"15":0,"16":2},"f":{"0":2,"1":0},"b":{"0":[2]}}
,"G:\\Ghost-Projects\\Creator-Trends\\services\\user-service\\src\\config\\swaggerConfig.js": {"path":"G:\\Ghost-Projects\\Creator-Trends\\services\\user-service\\src\\config\\swaggerConfig.js","statementMap":{"0":{"start":{"line":3,"column":21},"end":{"line":3,"column":45}},"1":{"start":{"line":4,"column":11},"end":{"line":4,"column":24}},"2":{"start":{"line":6,"column":16},"end":{"line":18,"column":1}},"3":{"start":{"line":20,"column":20},"end":{"line":20,"column":41}},"4":{"start":{"line":23,"column":0},"end":{"line":23,"column":73}},"5":{"start":{"line":24,"column":0},"end":{"line":24,"column":61}}},"fnMap":{},"branchMap":{},"s":{"0":0,"1":0,"2":0,"3":0,"4":0,"5":0},"f":{},"b":{},"inputSourceMap":null}
,"G:\\Ghost-Projects\\Creator-Trends\\services\\user-service\\src\\constants\\http-status-codes.ts": {"path":"G:\\Ghost-Projects\\Creator-Trends\\services\\user-service\\src\\constants\\http-status-codes.ts","statementMap":{"0":{"start":{"line":14,"column":13},"end":{"line":86,"column":2}},"1":{"start":{"line":88,"column":0},"end":{"line":88,"column":27}}},"fnMap":{},"branchMap":{},"s":{"0":2,"1":2},"f":{},"b":{}}
,"G:\\Ghost-Projects\\Creator-Trends\\services\\user-service\\src\\controllers\\authController.ts": {"path":"G:\\Ghost-Projects\\Creator-Trends\\services\\user-service\\src\\controllers\\authController.ts","statementMap":{"0":{"start":{"line":2,"column":0},"end":{"line":2,"column":50}},"1":{"start":{"line":3,"column":0},"end":{"line":3,"column":78}},"2":{"start":{"line":4,"column":0},"end":{"line":4,"column":68}},"3":{"start":{"line":5,"column":0},"end":{"line":5,"column":60}},"4":{"start":{"line":6,"column":0},"end":{"line":6,"column":60}},"5":{"start":{"line":14,"column":24},"end":{"line":24,"column":1}},"6":{"start":{"line":15,"column":2},"end":{"line":23,"column":3}},"7":{"start":{"line":16,"column":32},"end":{"line":16,"column":58}},"8":{"start":{"line":17,"column":18},"end":{"line":17,"column":61}},"9":{"start":{"line":18,"column":4},"end":{"line":18,"column":28}},"10":{"start":{"line":19,"column":4},"end":{"line":19,"column":52}},"11":{"start":{"line":21,"column":4},"end":{"line":21,"column":30}},"12":{"start":{"line":22,"column":4},"end":{"line":22,"column":33}},"13":{"start":{"line":14,"column":13},"end":{"line":14,"column":24}},"14":{"start":{"line":32,"column":21},"end":{"line":43,"column":1}},"15":{"start":{"line":33,"column":2},"end":{"line":42,"column":3}},"16":{"start":{"line":34,"column":32},"end":{"line":34,"column":55}},"17":{"start":{"line":35,"column":18},"end":{"line":35,"column":58}},"18":{"start":{"line":36,"column":4},"end":{"line":36,"column":45}},"19":{"start":{"line":37,"column":4},"end":{"line":37,"column":47}},"20":{"start":{"line":39,"column":4},"end":{"line":39,"column":45}},"21":{"start":{"line":40,"column":4},"end":{"line":40,"column":27}},"22":{"start":{"line":41,"column":4},"end":{"line":41,"column":33}},"23":{"start":{"line":32,"column":13},"end":{"line":32,"column":21}}},"fnMap":{"0":{"name":"(anonymous_1)","decl":{"start":{"line":14,"column":24},"end":{"line":14,"column":29}},"loc":{"start":{"line":14,"column":77},"end":{"line":24,"column":1}}},"1":{"name":"(anonymous_2)","decl":{"start":{"line":32,"column":21},"end":{"line":32,"column":26}},"loc":{"start":{"line":32,"column":74},"end":{"line":43,"column":1}}}},"branchMap":{},"s":{"0":2,"1":2,"2":2,"3":2,"4":2,"5":2,"6":3,"7":3,"8":2,"9":1,"10":1,"11":2,"12":2,"13":2,"14":2,"15":3,"16":3,"17":3,"18":2,"19":2,"20":1,"21":1,"22":1,"23":2},"f":{"0":3,"1":3},"b":{}}
,"G:\\Ghost-Projects\\Creator-Trends\\services\\user-service\\src\\controllers\\profileController.ts": {"path":"G:\\Ghost-Projects\\Creator-Trends\\services\\user-service\\src\\controllers\\profileController.ts","statementMap":{"0":{"start":{"line":2,"column":0},"end":{"line":2,"column":56}},"1":{"start":{"line":3,"column":0},"end":{"line":3,"column":null}},"2":{"start":{"line":7,"column":0},"end":{"line":7,"column":68}},"3":{"start":{"line":8,"column":0},"end":{"line":8,"column":60}},"4":{"start":{"line":16,"column":26},"end":{"line":28,"column":1}},"5":{"start":{"line":20,"column":2},"end":{"line":27,"column":3}},"6":{"start":{"line":21,"column":19},"end":{"line":21,"column":48}},"7":{"start":{"line":22,"column":17},"end":{"line":22,"column":56}},"8":{"start":{"line":23,"column":4},"end":{"line":23,"column":42}},"9":{"start":{"line":25,"column":4},"end":{"line":25,"column":34}},"10":{"start":{"line":26,"column":4},"end":{"line":26,"column":35}},"11":{"start":{"line":16,"column":13},"end":{"line":16,"column":26}},"12":{"start":{"line":36,"column":29},"end":{"line":49,"column":1}},"13":{"start":{"line":40,"column":2},"end":{"line":48,"column":3}},"14":{"start":{"line":41,"column":19},"end":{"line":41,"column":48}},"15":{"start":{"line":42,"column":20},"end":{"line":42,"column":55}},"16":{"start":{"line":43,"column":17},"end":{"line":43,"column":68}},"17":{"start":{"line":44,"column":4},"end":{"line":44,"column":42}},"18":{"start":{"line":46,"column":4},"end":{"line":46,"column":37}},"19":{"start":{"line":47,"column":4},"end":{"line":47,"column":35}},"20":{"start":{"line":36,"column":13},"end":{"line":36,"column":29}}},"fnMap":{"0":{"name":"(anonymous_1)","decl":{"start":{"line":16,"column":26},"end":{"line":16,"column":31}},"loc":{"start":{"line":19,"column":19},"end":{"line":28,"column":1}}},"1":{"name":"(anonymous_2)","decl":{"start":{"line":36,"column":29},"end":{"line":36,"column":34}},"loc":{"start":{"line":39,"column":19},"end":{"line":49,"column":1}}}},"branchMap":{},"s":{"0":2,"1":2,"2":2,"3":2,"4":2,"5":1,"6":1,"7":1,"8":1,"9":0,"10":0,"11":2,"12":2,"13":1,"14":1,"15":1,"16":1,"17":1,"18":0,"19":0,"20":2},"f":{"0":1,"1":1},"b":{}}
,"G:\\Ghost-Projects\\Creator-Trends\\services\\user-service\\src\\models\\user.ts": {"path":"G:\\Ghost-Projects\\Creator-Trends\\services\\user-service\\src\\models\\user.ts","statementMap":{"0":{"start":{"line":1,"column":0},"end":{"line":1,"column":68}},"1":{"start":{"line":2,"column":0},"end":{"line":2,"column":37}},"2":{"start":{"line":30,"column":0},"end":{"line":64,"column":2}},"3":{"start":{"line":66,"column":0},"end":{"line":66,"column":20}}},"fnMap":{},"branchMap":{},"s":{"0":3,"1":3,"2":3,"3":3},"f":{},"b":{}}
,"G:\\Ghost-Projects\\Creator-Trends\\services\\user-service\\src\\routes\\auth.ts": {"path":"G:\\Ghost-Projects\\Creator-Trends\\services\\user-service\\src\\routes\\auth.ts","statementMap":{"0":{"start":{"line":2,"column":0},"end":{"line":2,"column":33}},"1":{"start":{"line":3,"column":0},"end":{"line":3,"column":62}},"2":{"start":{"line":5,"column":15},"end":{"line":5,"column":23}},"3":{"start":{"line":7,"column":0},"end":{"line":7,"column":35}},"4":{"start":{"line":8,"column":0},"end":{"line":8,"column":29}},"5":{"start":{"line":10,"column":0},"end":{"line":10,"column":22}}},"fnMap":{},"branchMap":{},"s":{"0":2,"1":2,"2":2,"3":2,"4":2,"5":2},"f":{},"b":{}}
,"G:\\Ghost-Projects\\Creator-Trends\\services\\user-service\\src\\routes\\profile.ts": {"path":"G:\\Ghost-Projects\\Creator-Trends\\services\\user-service\\src\\routes\\profile.ts","statementMap":{"0":{"start":{"line":2,"column":0},"end":{"line":2,"column":33}},"1":{"start":{"line":3,"column":0},"end":{"line":3,"column":75}},"2":{"start":{"line":5,"column":15},"end":{"line":5,"column":23}},"3":{"start":{"line":7,"column":0},"end":{"line":7,"column":31}},"4":{"start":{"line":8,"column":0},"end":{"line":8,"column":34}},"5":{"start":{"line":10,"column":0},"end":{"line":10,"column":22}}},"fnMap":{},"branchMap":{},"s":{"0":2,"1":2,"2":2,"3":2,"4":2,"5":2},"f":{},"b":{}}
,"G:\\Ghost-Projects\\Creator-Trends\\services\\user-service\\src\\services\\authService.ts": {"path":"G:\\Ghost-Projects\\Creator-Trends\\services\\user-service\\src\\services\\authService.ts","statementMap":{"0":{"start":{"line":1,"column":0},"end":{"line":1,"column":34}},"1":{"start":{"line":2,"column":0},"end":{"line":2,"column":28}},"2":{"start":{"line":3,"column":0},"end":{"line":3,"column":31}},"3":{"start":{"line":9,"column":4},"end":{"line":9,"column":19}},"4":{"start":{"line":10,"column":4},"end":{"line":10,"column":34}},"5":{"start":{"line":7,"column":0},"end":{"line":7,"column":13}},"6":{"start":{"line":16,"column":4},"end":{"line":16,"column":19}},"7":{"start":{"line":17,"column":4},"end":{"line":17,"column":42}},"8":{"start":{"line":14,"column":0},"end":{"line":14,"column":13}},"9":{"start":{"line":23,"column":4},"end":{"line":23,"column":19}},"10":{"start":{"line":24,"column":4},"end":{"line":24,"column":37}},"11":{"start":{"line":21,"column":0},"end":{"line":21,"column":13}},"12":{"start":{"line":29,"column":18},"end":{"line":29,"column":40}},"13":{"start":{"line":30,"column":0},"end":{"line":34,"column":1}},"14":{"start":{"line":31,"column":2},"end":{"line":33,"column":4}},"15":{"start":{"line":36,"column":20},"end":{"line":71,"column":2}},"16":{"start":{"line":39,"column":25},"end":{"line":39,"column":65}},"17":{"start":{"line":40,"column":4},"end":{"line":42,"column":5}},"18":{"start":{"line":41,"column":6},"end":{"line":41,"column":55}},"19":{"start":{"line":44,"column":27},"end":{"line":44,"column":58}},"20":{"start":{"line":45,"column":20},"end":{"line":45,"column":74}},"21":{"start":{"line":47,"column":4},"end":{"line":47,"column":39}},"22":{"start":{"line":52,"column":17},"end":{"line":52,"column":57}},"23":{"start":{"line":53,"column":4},"end":{"line":55,"column":5}},"24":{"start":{"line":54,"column":6},"end":{"line":54,"column":63}},"25":{"start":{"line":57,"column":28},"end":{"line":57,"column":73}},"26":{"start":{"line":58,"column":4},"end":{"line":60,"column":5}},"27":{"start":{"line":59,"column":6},"end":{"line":59,"column":63}},"28":{"start":{"line":62,"column":4},"end":{"line":62,"column":36}},"29":{"start":{"line":67,"column":4},"end":{"line":69,"column":7}},"30":{"start":{"line":73,"column":0},"end":{"line":73,"column":27}}},"fnMap":{"0":{"name":"(anonymous_1)","decl":{"start":{"line":8,"column":2},"end":{"line":8,"column":14}},"loc":{"start":{"line":8,"column":29},"end":{"line":11,"column":3}}},"1":{"name":"(anonymous_2)","decl":{"start":{"line":15,"column":2},"end":{"line":15,"column":14}},"loc":{"start":{"line":15,"column":29},"end":{"line":18,"column":3}}},"2":{"name":"(anonymous_3)","decl":{"start":{"line":22,"column":2},"end":{"line":22,"column":14}},"loc":{"start":{"line":22,"column":29},"end":{"line":25,"column":3}}},"3":{"name":"(anonymous_4)","decl":{"start":{"line":38,"column":2},"end":{"line":38,"column":7}},"loc":{"start":{"line":38,"column":48},"end":{"line":48,"column":3}}},"4":{"name":"(anonymous_5)","decl":{"start":{"line":51,"column":2},"end":{"line":51,"column":7}},"loc":{"start":{"line":51,"column":45},"end":{"line":63,"column":3}}},"5":{"name":"(anonymous_6)","decl":{"start":{"line":66,"column":2},"end":{"line":66,"column":15}},"loc":{"start":{"line":66,"column":27},"end":{"line":70,"column":3}}}},"branchMap":{"0":{"loc":{"start":{"line":30,"column":0},"end":{"line":34,"column":1}},"type":"if","locations":[{"start":{"line":30,"column":0},"end":{"line":34,"column":1}}]},"1":{"loc":{"start":{"line":40,"column":4},"end":{"line":42,"column":5}},"type":"if","locations":[{"start":{"line":40,"column":4},"end":{"line":42,"column":5}}]},"2":{"loc":{"start":{"line":53,"column":4},"end":{"line":55,"column":5}},"type":"if","locations":[{"start":{"line":53,"column":4},"end":{"line":55,"column":5}}]},"3":{"loc":{"start":{"line":53,"column":8},"end":{"line":53,"column":31}},"type":"binary-expr","locations":[{"start":{"line":53,"column":8},"end":{"line":53,"column":13}},{"start":{"line":53,"column":17},"end":{"line":53,"column":31}}]},"4":{"loc":{"start":{"line":58,"column":4},"end":{"line":60,"column":5}},"type":"if","locations":[{"start":{"line":58,"column":4},"end":{"line":60,"column":5}}]}},"s":{"0":2,"1":2,"2":2,"3":1,"4":1,"5":2,"6":1,"7":1,"8":2,"9":0,"10":0,"11":2,"12":2,"13":2,"14":0,"15":2,"16":2,"17":2,"18":1,"19":1,"20":1,"21":1,"22":3,"23":3,"24":0,"25":3,"26":3,"27":1,"28":2,"29":3,"30":2},"f":{"0":1,"1":1,"2":0,"3":2,"4":3,"5":3},"b":{"0":[0],"1":[1],"2":[0],"3":[3,3],"4":[1]}}
,"G:\\Ghost-Projects\\Creator-Trends\\services\\user-service\\src\\services\\profileService.ts": {"path":"G:\\Ghost-Projects\\Creator-Trends\\services\\user-service\\src\\services\\profileService.ts","statementMap":{"0":{"start":{"line":1,"column":0},"end":{"line":1,"column":34}},"1":{"start":{"line":7,"column":4},"end":{"line":7,"column":19}},"2":{"start":{"line":8,"column":4},"end":{"line":8,"column":37}},"3":{"start":{"line":5,"column":0},"end":{"line":5,"column":13}},"4":{"start":{"line":14,"column":4},"end":{"line":14,"column":46}},"5":{"start":{"line":15,"column":4},"end":{"line":15,"column":36}},"6":{"start":{"line":12,"column":0},"end":{"line":12,"column":13}},"7":{"start":{"line":21,"column":4},"end":{"line":21,"column":19}},"8":{"start":{"line":22,"column":4},"end":{"line":22,"column":37}},"9":{"start":{"line":19,"column":0},"end":{"line":19,"column":13}},"10":{"start":{"line":36,"column":4},"end":{"line":38,"column":5}},"11":{"start":{"line":37,"column":6},"end":{"line":37,"column":37}},"12":{"start":{"line":40,"column":17},"end":{"line":40,"column":44}},"13":{"start":{"line":41,"column":4},"end":{"line":43,"column":5}},"14":{"start":{"line":42,"column":6},"end":{"line":42,"column":42}},"15":{"start":{"line":44,"column":4},"end":{"line":44,"column":34}},"16":{"start":{"line":60,"column":4},"end":{"line":62,"column":5}},"17":{"start":{"line":61,"column":6},"end":{"line":61,"column":37}},"18":{"start":{"line":64,"column":17},"end":{"line":64,"column":44}},"19":{"start":{"line":65,"column":4},"end":{"line":67,"column":5}},"20":{"start":{"line":66,"column":6},"end":{"line":66,"column":42}},"21":{"start":{"line":69,"column":4},"end":{"line":69,"column":31}},"22":{"start":{"line":70,"column":4},"end":{"line":70,"column":34}},"23":{"start":{"line":74,"column":0},"end":{"line":74,"column":36}}},"fnMap":{"0":{"name":"(anonymous_1)","decl":{"start":{"line":6,"column":2},"end":{"line":6,"column":14}},"loc":{"start":{"line":6,"column":41},"end":{"line":9,"column":3}}},"1":{"name":"(anonymous_2)","decl":{"start":{"line":13,"column":2},"end":{"line":13,"column":14}},"loc":{"start":{"line":13,"column":28},"end":{"line":16,"column":3}}},"2":{"name":"(anonymous_3)","decl":{"start":{"line":20,"column":2},"end":{"line":20,"column":14}},"loc":{"start":{"line":20,"column":45},"end":{"line":23,"column":3}}},"3":{"name":"(anonymous_4)","decl":{"start":{"line":35,"column":2},"end":{"line":35,"column":7}},"loc":{"start":{"line":35,"column":33},"end":{"line":45,"column":3}}},"4":{"name":"(anonymous_5)","decl":{"start":{"line":56,"column":2},"end":{"line":56,"column":7}},"loc":{"start":{"line":58,"column":39},"end":{"line":71,"column":3}}}},"branchMap":{"0":{"loc":{"start":{"line":6,"column":14},"end":{"line":6,"column":41}},"type":"default-arg","locations":[{"start":{"line":6,"column":24},"end":{"line":6,"column":41}}]},"1":{"loc":{"start":{"line":20,"column":14},"end":{"line":20,"column":45}},"type":"default-arg","locations":[{"start":{"line":20,"column":24},"end":{"line":20,"column":45}}]},"2":{"loc":{"start":{"line":36,"column":4},"end":{"line":38,"column":5}},"type":"if","locations":[{"start":{"line":36,"column":4},"end":{"line":38,"column":5}}]},"3":{"loc":{"start":{"line":36,"column":8},"end":{"line":36,"column":48}},"type":"binary-expr","locations":[{"start":{"line":36,"column":8},"end":{"line":36,"column":33}},{"start":{"line":36,"column":37},"end":{"line":36,"column":48}}]},"4":{"loc":{"start":{"line":41,"column":4},"end":{"line":43,"column":5}},"type":"if","locations":[{"start":{"line":41,"column":4},"end":{"line":43,"column":5}}]},"5":{"loc":{"start":{"line":60,"column":4},"end":{"line":62,"column":5}},"type":"if","locations":[{"start":{"line":60,"column":4},"end":{"line":62,"column":5}}]},"6":{"loc":{"start":{"line":60,"column":8},"end":{"line":60,"column":48}},"type":"binary-expr","locations":[{"start":{"line":60,"column":8},"end":{"line":60,"column":33}},{"start":{"line":60,"column":37},"end":{"line":60,"column":48}}]},"7":{"loc":{"start":{"line":65,"column":4},"end":{"line":67,"column":5}},"type":"if","locations":[{"start":{"line":65,"column":4},"end":{"line":67,"column":5}}]}},"s":{"0":2,"1":0,"2":0,"3":2,"4":0,"5":0,"6":2,"7":0,"8":0,"9":2,"10":1,"11":0,"12":1,"13":1,"14":0,"15":1,"16":1,"17":0,"18":1,"19":1,"20":0,"21":1,"22":1,"23":2},"f":{"0":0,"1":0,"2":0,"3":1,"4":1},"b":{"0":[0],"1":[0],"2":[0],"3":[1,1],"4":[0],"5":[0],"6":[1,1],"7":[0]}}
,"G:\\Ghost-Projects\\Creator-Trends\\services\\user-service\\src\\tests\\auth.test.js": {"path":"G:\\Ghost-Projects\\Creator-Trends\\services\\user-service\\src\\tests\\auth.test.js","statementMap":{"0":{"start":{"line":3,"column":2},"end":{"line":38,"column":3}},"1":{"start":{"line":6,"column":6},"end":{"line":10,"column":13}},"2":{"start":{"line":9,"column":12},"end":{"line":9,"column":27}},"3":{"start":{"line":13,"column":4},"end":{"line":37,"column":7}},"4":{"start":{"line":15,"column":8},"end":{"line":19,"column":9}},"5":{"start":{"line":16,"column":10},"end":{"line":16,"column":38}},"6":{"start":{"line":18,"column":10},"end":{"line":18,"column":20}},"7":{"start":{"line":23,"column":8},"end":{"line":27,"column":9}},"8":{"start":{"line":24,"column":10},"end":{"line":24,"column":42}},"9":{"start":{"line":26,"column":10},"end":{"line":26,"column":20}},"10":{"start":{"line":31,"column":8},"end":{"line":33,"column":58}},"11":{"start":{"line":36,"column":6},"end":{"line":36,"column":76}},"12":{"start":{"line":40,"column":2},"end":{"line":43,"column":3}},"13":{"start":{"line":42,"column":4},"end":{"line":42,"column":58}},"14":{"start":{"line":44,"column":0},"end":{"line":44,"column":62}},"15":{"start":{"line":46,"column":18},"end":{"line":46,"column":53}},"16":{"start":{"line":47,"column":20},"end":{"line":47,"column":57}},"17":{"start":{"line":48,"column":13},"end":{"line":48,"column":53}},"18":{"start":{"line":49,"column":15},"end":{"line":49,"column":57}},"19":{"start":{"line":50,"column":12},"end":{"line":50,"column":36}},"20":{"start":{"line":51,"column":0},"end":{"line":51,"column":34}},"21":{"start":{"line":52,"column":0},"end":{"line":52,"column":37}},"22":{"start":{"line":53,"column":0},"end":{"line":57,"column":2}},"23":{"start":{"line":54,"column":2},"end":{"line":56,"column":4}},"24":{"start":{"line":55,"column":4},"end":{"line":55,"column":45}},"25":{"start":{"line":58,"column":0},"end":{"line":62,"column":2}},"26":{"start":{"line":59,"column":2},"end":{"line":61,"column":4}},"27":{"start":{"line":60,"column":4},"end":{"line":60,"column":31}},"28":{"start":{"line":63,"column":0},"end":{"line":96,"column":3}},"29":{"start":{"line":64,"column":2},"end":{"line":74,"column":8}},"30":{"start":{"line":65,"column":4},"end":{"line":74,"column":6}},"31":{"start":{"line":66,"column":18},"end":{"line":71,"column":10}},"32":{"start":{"line":72,"column":6},"end":{"line":72,"column":42}},"33":{"start":{"line":73,"column":6},"end":{"line":73,"column":47}},"34":{"start":{"line":75,"column":2},"end":{"line":85,"column":8}},"35":{"start":{"line":76,"column":4},"end":{"line":85,"column":6}},"36":{"start":{"line":77,"column":18},"end":{"line":82,"column":10}},"37":{"start":{"line":83,"column":6},"end":{"line":83,"column":42}},"38":{"start":{"line":84,"column":6},"end":{"line":84,"column":47}},"39":{"start":{"line":86,"column":2},"end":{"line":95,"column":8}},"40":{"start":{"line":87,"column":4},"end":{"line":95,"column":6}},"41":{"start":{"line":88,"column":18},"end":{"line":93,"column":10}},"42":{"start":{"line":94,"column":6},"end":{"line":94,"column":42}}},"fnMap":{"0":{"name":"(anonymous_0)","decl":{"start":{"line":4,"column":2},"end":{"line":4,"column":3}},"loc":{"start":{"line":4,"column":47},"end":{"line":38,"column":3}},"line":4},"1":{"name":"adopt","decl":{"start":{"line":5,"column":13},"end":{"line":5,"column":18}},"loc":{"start":{"line":5,"column":26},"end":{"line":11,"column":5}},"line":5},"2":{"name":"(anonymous_2)","decl":{"start":{"line":8,"column":16},"end":{"line":8,"column":17}},"loc":{"start":{"line":8,"column":35},"end":{"line":10,"column":11}},"line":8},"3":{"name":"(anonymous_3)","decl":{"start":{"line":13,"column":36},"end":{"line":13,"column":37}},"loc":{"start":{"line":13,"column":63},"end":{"line":37,"column":5}},"line":13},"4":{"name":"fulfilled","decl":{"start":{"line":14,"column":15},"end":{"line":14,"column":24}},"loc":{"start":{"line":14,"column":32},"end":{"line":20,"column":7}},"line":14},"5":{"name":"rejected","decl":{"start":{"line":22,"column":15},"end":{"line":22,"column":23}},"loc":{"start":{"line":22,"column":31},"end":{"line":28,"column":7}},"line":22},"6":{"name":"step","decl":{"start":{"line":30,"column":15},"end":{"line":30,"column":19}},"loc":{"start":{"line":30,"column":28},"end":{"line":34,"column":7}},"line":30},"7":{"name":"(anonymous_7)","decl":{"start":{"line":41,"column":2},"end":{"line":41,"column":3}},"loc":{"start":{"line":41,"column":17},"end":{"line":43,"column":3}},"line":41},"8":{"name":"(anonymous_8)","decl":{"start":{"line":53,"column":10},"end":{"line":53,"column":11}},"loc":{"start":{"line":54,"column":2},"end":{"line":56,"column":4}},"line":54},"9":{"name":"(anonymous_9)","decl":{"start":{"line":54,"column":36},"end":{"line":54,"column":37}},"loc":{"start":{"line":54,"column":49},"end":{"line":56,"column":3}},"line":54},"10":{"name":"(anonymous_10)","decl":{"start":{"line":58,"column":9},"end":{"line":58,"column":10}},"loc":{"start":{"line":59,"column":2},"end":{"line":61,"column":4}},"line":59},"11":{"name":"(anonymous_11)","decl":{"start":{"line":59,"column":36},"end":{"line":59,"column":37}},"loc":{"start":{"line":59,"column":49},"end":{"line":61,"column":3}},"line":59},"12":{"name":"(anonymous_12)","decl":{"start":{"line":63,"column":27},"end":{"line":63,"column":28}},"loc":{"start":{"line":63,"column":33},"end":{"line":96,"column":1}},"line":63},"13":{"name":"(anonymous_13)","decl":{"start":{"line":64,"column":35},"end":{"line":64,"column":36}},"loc":{"start":{"line":65,"column":4},"end":{"line":74,"column":6}},"line":65},"14":{"name":"(anonymous_14)","decl":{"start":{"line":65,"column":38},"end":{"line":65,"column":39}},"loc":{"start":{"line":65,"column":51},"end":{"line":74,"column":5}},"line":65},"15":{"name":"(anonymous_15)","decl":{"start":{"line":75,"column":38},"end":{"line":75,"column":39}},"loc":{"start":{"line":76,"column":4},"end":{"line":85,"column":6}},"line":76},"16":{"name":"(anonymous_16)","decl":{"start":{"line":76,"column":38},"end":{"line":76,"column":39}},"loc":{"start":{"line":76,"column":51},"end":{"line":85,"column":5}},"line":76},"17":{"name":"(anonymous_17)","decl":{"start":{"line":86,"column":52},"end":{"line":86,"column":53}},"loc":{"start":{"line":87,"column":4},"end":{"line":95,"column":6}},"line":87},"18":{"name":"(anonymous_18)","decl":{"start":{"line":87,"column":38},"end":{"line":87,"column":39}},"loc":{"start":{"line":87,"column":51},"end":{"line":95,"column":5}},"line":87}},"branchMap":{"0":{"loc":{"start":{"line":3,"column":2},"end":{"line":38,"column":3}},"type":"binary-expr","locations":[{"start":{"line":3,"column":3},"end":{"line":3,"column":7}},{"start":{"line":3,"column":11},"end":{"line":3,"column":25}},{"start":{"line":4,"column":2},"end":{"line":38,"column":3}}],"line":3},"1":{"loc":{"start":{"line":6,"column":13},"end":{"line":10,"column":12}},"type":"cond-expr","locations":[{"start":{"line":7,"column":10},"end":{"line":7,"column":15}},{"start":{"line":8,"column":10},"end":{"line":10,"column":12}}],"line":6},"2":{"loc":{"start":{"line":13,"column":16},"end":{"line":13,"column":34}},"type":"binary-expr","locations":[{"start":{"line":13,"column":16},"end":{"line":13,"column":17}},{"start":{"line":13,"column":22},"end":{"line":13,"column":33}}],"line":13},"3":{"loc":{"start":{"line":31,"column":8},"end":{"line":33,"column":57}},"type":"cond-expr","locations":[{"start":{"line":32,"column":12},"end":{"line":32,"column":33}},{"start":{"line":33,"column":12},"end":{"line":33,"column":57}}],"line":31},"4":{"loc":{"start":{"line":36,"column":49},"end":{"line":36,"column":65}},"type":"binary-expr","locations":[{"start":{"line":36,"column":49},"end":{"line":36,"column":59}},{"start":{"line":36,"column":63},"end":{"line":36,"column":65}}],"line":36},"5":{"loc":{"start":{"line":40,"column":2},"end":{"line":43,"column":3}},"type":"binary-expr","locations":[{"start":{"line":40,"column":3},"end":{"line":40,"column":7}},{"start":{"line":40,"column":11},"end":{"line":40,"column":31}},{"start":{"line":41,"column":2},"end":{"line":43,"column":3}}],"line":40},"6":{"loc":{"start":{"line":42,"column":11},"end":{"line":42,"column":57}},"type":"cond-expr","locations":[{"start":{"line":42,"column":35},"end":{"line":42,"column":38}},{"start":{"line":42,"column":41},"end":{"line":42,"column":57}}],"line":42},"7":{"loc":{"start":{"line":42,"column":11},"end":{"line":42,"column":32}},"type":"binary-expr","locations":[{"start":{"line":42,"column":11},"end":{"line":42,"column":14}},{"start":{"line":42,"column":18},"end":{"line":42,"column":32}}],"line":42}},"s":{"0":0,"1":0,"2":0,"3":0,"4":0,"5":0,"6":0,"7":0,"8":0,"9":0,"10":0,"11":0,"12":0,"13":0,"14":0,"15":0,"16":0,"17":0,"18":0,"19":0,"20":0,"21":0,"22":0,"23":0,"24":0,"25":0,"26":0,"27":0,"28":0,"29":0,"30":0,"31":0,"32":0,"33":0,"34":0,"35":0,"36":0,"37":0,"38":0,"39":0,"40":0,"41":0,"42":0},"f":{"0":0,"1":0,"2":0,"3":0,"4":0,"5":0,"6":0,"7":0,"8":0,"9":0,"10":0,"11":0,"12":0,"13":0,"14":0,"15":0,"16":0,"17":0,"18":0},"b":{"0":[0,0,0],"1":[0,0],"2":[0,0],"3":[0,0],"4":[0,0],"5":[0,0,0],"6":[0,0],"7":[0,0]},"inputSourceMap":null}
,"G:\\Ghost-Projects\\Creator-Trends\\services\\user-service\\src\\tests\\utils.test.js": {"path":"G:\\Ghost-Projects\\Creator-Trends\\services\\user-service\\src\\tests\\utils.test.js","statementMap":{"0":{"start":{"line":2,"column":22},"end":{"line":12,"column":3}},"1":{"start":{"line":3,"column":4},"end":{"line":3,"column":33}},"2":{"start":{"line":3,"column":26},"end":{"line":3,"column":33}},"3":{"start":{"line":4,"column":15},"end":{"line":4,"column":52}},"4":{"start":{"line":5,"column":4},"end":{"line":7,"column":5}},"5":{"start":{"line":6,"column":6},"end":{"line":6,"column":68}},"6":{"start":{"line":6,"column":51},"end":{"line":6,"column":63}},"7":{"start":{"line":8,"column":4},"end":{"line":8,"column":39}},"8":{"start":{"line":10,"column":4},"end":{"line":10,"column":33}},"9":{"start":{"line":10,"column":26},"end":{"line":10,"column":33}},"10":{"start":{"line":11,"column":4},"end":{"line":11,"column":17}},"11":{"start":{"line":13,"column":25},"end":{"line":17,"column":2}},"12":{"start":{"line":14,"column":4},"end":{"line":14,"column":72}},"13":{"start":{"line":16,"column":4},"end":{"line":16,"column":21}},"14":{"start":{"line":18,"column":19},"end":{"line":24,"column":1}},"15":{"start":{"line":19,"column":4},"end":{"line":19,"column":42}},"16":{"start":{"line":19,"column":31},"end":{"line":19,"column":42}},"17":{"start":{"line":20,"column":17},"end":{"line":20,"column":19}},"18":{"start":{"line":21,"column":4},"end":{"line":21,"column":141}},"19":{"start":{"line":21,"column":21},"end":{"line":21,"column":141}},"20":{"start":{"line":21,"column":40},"end":{"line":21,"column":141}},"21":{"start":{"line":21,"column":109},"end":{"line":21,"column":141}},"22":{"start":{"line":22,"column":4},"end":{"line":22,"column":36}},"23":{"start":{"line":23,"column":4},"end":{"line":23,"column":18}},"24":{"start":{"line":25,"column":16},"end":{"line":33,"column":1}},"25":{"start":{"line":26,"column":28},"end":{"line":26,"column":110}},"26":{"start":{"line":26,"column":91},"end":{"line":26,"column":106}},"27":{"start":{"line":27,"column":4},"end":{"line":32,"column":7}},"28":{"start":{"line":28,"column":36},"end":{"line":28,"column":97}},"29":{"start":{"line":28,"column":42},"end":{"line":28,"column":70}},"30":{"start":{"line":28,"column":85},"end":{"line":28,"column":95}},"31":{"start":{"line":29,"column":35},"end":{"line":29,"column":100}},"32":{"start":{"line":29,"column":41},"end":{"line":29,"column":73}},"33":{"start":{"line":29,"column":88},"end":{"line":29,"column":98}},"34":{"start":{"line":30,"column":32},"end":{"line":30,"column":116}},"35":{"start":{"line":31,"column":8},"end":{"line":31,"column":78}},"36":{"start":{"line":34,"column":0},"end":{"line":34,"column":62}},"37":{"start":{"line":36,"column":15},"end":{"line":36,"column":46}},"38":{"start":{"line":37,"column":0},"end":{"line":44,"column":3}},"39":{"start":{"line":38,"column":4},"end":{"line":43,"column":8}},"40":{"start":{"line":38,"column":49},"end":{"line":43,"column":6}},"41":{"start":{"line":39,"column":25},"end":{"line":39,"column":39}},"42":{"start":{"line":40,"column":21},"end":{"line":40,"column":52}},"43":{"start":{"line":41,"column":22},"end":{"line":41,"column":58}},"44":{"start":{"line":42,"column":8},"end":{"line":42,"column":33}}},"fnMap":{"0":{"name":"(anonymous_0)","decl":{"start":{"line":2,"column":74},"end":{"line":2,"column":75}},"loc":{"start":{"line":2,"column":96},"end":{"line":9,"column":1}},"line":2},"1":{"name":"(anonymous_1)","decl":{"start":{"line":6,"column":38},"end":{"line":6,"column":39}},"loc":{"start":{"line":6,"column":49},"end":{"line":6,"column":65}},"line":6},"2":{"name":"(anonymous_2)","decl":{"start":{"line":9,"column":6},"end":{"line":9,"column":7}},"loc":{"start":{"line":9,"column":28},"end":{"line":12,"column":1}},"line":9},"3":{"name":"(anonymous_3)","decl":{"start":{"line":13,"column":80},"end":{"line":13,"column":81}},"loc":{"start":{"line":13,"column":95},"end":{"line":15,"column":1}},"line":13},"4":{"name":"(anonymous_4)","decl":{"start":{"line":15,"column":5},"end":{"line":15,"column":6}},"loc":{"start":{"line":15,"column":20},"end":{"line":17,"column":1}},"line":15},"5":{"name":"(anonymous_5)","decl":{"start":{"line":18,"column":50},"end":{"line":18,"column":51}},"loc":{"start":{"line":18,"column":65},"end":{"line":24,"column":1}},"line":18},"6":{"name":"(anonymous_6)","decl":{"start":{"line":25,"column":44},"end":{"line":25,"column":45}},"loc":{"start":{"line":25,"column":89},"end":{"line":33,"column":1}},"line":25},"7":{"name":"adopt","decl":{"start":{"line":26,"column":13},"end":{"line":26,"column":18}},"loc":{"start":{"line":26,"column":26},"end":{"line":26,"column":112}},"line":26},"8":{"name":"(anonymous_8)","decl":{"start":{"line":26,"column":70},"end":{"line":26,"column":71}},"loc":{"start":{"line":26,"column":89},"end":{"line":26,"column":108}},"line":26},"9":{"name":"(anonymous_9)","decl":{"start":{"line":27,"column":36},"end":{"line":27,"column":37}},"loc":{"start":{"line":27,"column":63},"end":{"line":32,"column":5}},"line":27},"10":{"name":"fulfilled","decl":{"start":{"line":28,"column":17},"end":{"line":28,"column":26}},"loc":{"start":{"line":28,"column":34},"end":{"line":28,"column":99}},"line":28},"11":{"name":"rejected","decl":{"start":{"line":29,"column":17},"end":{"line":29,"column":25}},"loc":{"start":{"line":29,"column":33},"end":{"line":29,"column":102}},"line":29},"12":{"name":"step","decl":{"start":{"line":30,"column":17},"end":{"line":30,"column":21}},"loc":{"start":{"line":30,"column":30},"end":{"line":30,"column":118}},"line":30},"13":{"name":"(anonymous_13)","decl":{"start":{"line":37,"column":30},"end":{"line":37,"column":31}},"loc":{"start":{"line":37,"column":36},"end":{"line":44,"column":1}},"line":37},"14":{"name":"(anonymous_14)","decl":{"start":{"line":38,"column":43},"end":{"line":38,"column":44}},"loc":{"start":{"line":38,"column":49},"end":{"line":43,"column":6}},"line":38},"15":{"name":"(anonymous_15)","decl":{"start":{"line":38,"column":83},"end":{"line":38,"column":84}},"loc":{"start":{"line":38,"column":96},"end":{"line":43,"column":5}},"line":38}},"branchMap":{"0":{"loc":{"start":{"line":2,"column":22},"end":{"line":12,"column":3}},"type":"binary-expr","locations":[{"start":{"line":2,"column":23},"end":{"line":2,"column":27}},{"start":{"line":2,"column":31},"end":{"line":2,"column":51}},{"start":{"line":2,"column":57},"end":{"line":12,"column":2}}],"line":2},"1":{"loc":{"start":{"line":2,"column":57},"end":{"line":12,"column":2}},"type":"cond-expr","locations":[{"start":{"line":2,"column":74},"end":{"line":9,"column":1}},{"start":{"line":9,"column":6},"end":{"line":12,"column":1}}],"line":2},"2":{"loc":{"start":{"line":3,"column":4},"end":{"line":3,"column":33}},"type":"if","locations":[{"start":{"line":3,"column":4},"end":{"line":3,"column":33}},{"start":{},"end":{}}],"line":3},"3":{"loc":{"start":{"line":5,"column":4},"end":{"line":7,"column":5}},"type":"if","locations":[{"start":{"line":5,"column":4},"end":{"line":7,"column":5}},{"start":{},"end":{}}],"line":5},"4":{"loc":{"start":{"line":5,"column":8},"end":{"line":5,"column":85}},"type":"binary-expr","locations":[{"start":{"line":5,"column":8},"end":{"line":5,"column":13}},{"start":{"line":5,"column":18},"end":{"line":5,"column":84}}],"line":5},"5":{"loc":{"start":{"line":5,"column":18},"end":{"line":5,"column":84}},"type":"cond-expr","locations":[{"start":{"line":5,"column":34},"end":{"line":5,"column":47}},{"start":{"line":5,"column":50},"end":{"line":5,"column":84}}],"line":5},"6":{"loc":{"start":{"line":5,"column":50},"end":{"line":5,"column":84}},"type":"binary-expr","locations":[{"start":{"line":5,"column":50},"end":{"line":5,"column":63}},{"start":{"line":5,"column":67},"end":{"line":5,"column":84}}],"line":5},"7":{"loc":{"start":{"line":10,"column":4},"end":{"line":10,"column":33}},"type":"if","locations":[{"start":{"line":10,"column":4},"end":{"line":10,"column":33}},{"start":{},"end":{}}],"line":10},"8":{"loc":{"start":{"line":13,"column":25},"end":{"line":17,"column":2}},"type":"binary-expr","locations":[{"start":{"line":13,"column":26},"end":{"line":13,"column":30}},{"start":{"line":13,"column":34},"end":{"line":13,"column":57}},{"start":{"line":13,"column":63},"end":{"line":17,"column":1}}],"line":13},"9":{"loc":{"start":{"line":13,"column":63},"end":{"line":17,"column":1}},"type":"cond-expr","locations":[{"start":{"line":13,"column":80},"end":{"line":15,"column":1}},{"start":{"line":15,"column":5},"end":{"line":17,"column":1}}],"line":13},"10":{"loc":{"start":{"line":18,"column":19},"end":{"line":24,"column":1}},"type":"binary-expr","locations":[{"start":{"line":18,"column":20},"end":{"line":18,"column":24}},{"start":{"line":18,"column":28},"end":{"line":18,"column":45}},{"start":{"line":18,"column":50},"end":{"line":24,"column":1}}],"line":18},"11":{"loc":{"start":{"line":19,"column":4},"end":{"line":19,"column":42}},"type":"if","locations":[{"start":{"line":19,"column":4},"end":{"line":19,"column":42}},{"start":{},"end":{}}],"line":19},"12":{"loc":{"start":{"line":19,"column":8},"end":{"line":19,"column":29}},"type":"binary-expr","locations":[{"start":{"line":19,"column":8},"end":{"line":19,"column":11}},{"start":{"line":19,"column":15},"end":{"line":19,"column":29}}],"line":19},"13":{"loc":{"start":{"line":21,"column":4},"end":{"line":21,"column":141}},"type":"if","locations":[{"start":{"line":21,"column":4},"end":{"line":21,"column":141}},{"start":{},"end":{}}],"line":21},"14":{"loc":{"start":{"line":21,"column":40},"end":{"line":21,"column":141}},"type":"if","locations":[{"start":{"line":21,"column":40},"end":{"line":21,"column":141}},{"start":{},"end":{}}],"line":21},"15":{"loc":{"start":{"line":21,"column":44},"end":{"line":21,"column":107}},"type":"binary-expr","locations":[{"start":{"line":21,"column":44},"end":{"line":21,"column":59}},{"start":{"line":21,"column":63},"end":{"line":21,"column":107}}],"line":21},"16":{"loc":{"start":{"line":25,"column":16},"end":{"line":33,"column":1}},"type":"binary-expr","locations":[{"start":{"line":25,"column":17},"end":{"line":25,"column":21}},{"start":{"line":25,"column":25},"end":{"line":25,"column":39}},{"start":{"line":25,"column":44},"end":{"line":33,"column":1}}],"line":25},"17":{"loc":{"start":{"line":26,"column":35},"end":{"line":26,"column":109}},"type":"cond-expr","locations":[{"start":{"line":26,"column":56},"end":{"line":26,"column":61}},{"start":{"line":26,"column":64},"end":{"line":26,"column":109}}],"line":26},"18":{"loc":{"start":{"line":27,"column":16},"end":{"line":27,"column":34}},"type":"binary-expr","locations":[{"start":{"line":27,"column":16},"end":{"line":27,"column":17}},{"start":{"line":27,"column":22},"end":{"line":27,"column":33}}],"line":27},"19":{"loc":{"start":{"line":30,"column":32},"end":{"line":30,"column":115}},"type":"cond-expr","locations":[{"start":{"line":30,"column":46},"end":{"line":30,"column":67}},{"start":{"line":30,"column":70},"end":{"line":30,"column":115}}],"line":30},"20":{"loc":{"start":{"line":31,"column":51},"end":{"line":31,"column":67}},"type":"binary-expr","locations":[{"start":{"line":31,"column":51},"end":{"line":31,"column":61}},{"start":{"line":31,"column":65},"end":{"line":31,"column":67}}],"line":31}},"s":{"0":0,"1":0,"2":0,"3":0,"4":0,"5":0,"6":0,"7":0,"8":0,"9":0,"10":0,"11":0,"12":0,"13":0,"14":0,"15":0,"16":0,"17":0,"18":0,"19":0,"20":0,"21":0,"22":0,"23":0,"24":0,"25":0,"26":0,"27":0,"28":0,"29":0,"30":0,"31":0,"32":0,"33":0,"34":0,"35":0,"36":0,"37":0,"38":0,"39":0,"40":0,"41":0,"42":0,"43":0,"44":0},"f":{"0":0,"1":0,"2":0,"3":0,"4":0,"5":0,"6":0,"7":0,"8":0,"9":0,"10":0,"11":0,"12":0,"13":0,"14":0,"15":0},"b":{"0":[0,0,0],"1":[0,0],"2":[0,0],"3":[0,0],"4":[0,0],"5":[0,0],"6":[0,0],"7":[0,0],"8":[0,0,0],"9":[0,0],"10":[0,0,0],"11":[0,0],"12":[0,0],"13":[0,0],"14":[0,0],"15":[0,0],"16":[0,0,0],"17":[0,0],"18":[0,0],"19":[0,0],"20":[0,0]},"inputSourceMap":null}
,"G:\\Ghost-Projects\\Creator-Trends\\services\\user-service\\src\\utils\\errorHandlers.ts": {"path":"G:\\Ghost-Projects\\Creator-Trends\\services\\user-service\\src\\utils\\errorHandlers.ts","statementMap":{"0":{"start":{"line":2,"column":0},"end":{"line":2,"column":31}},"1":{"start":{"line":3,"column":0},"end":{"line":3,"column":null}},"2":{"start":{"line":8,"column":0},"end":{"line":8,"column":null}},"3":{"start":{"line":12,"column":0},"end":{"line":12,"column":60}},"4":{"start":{"line":20,"column":34},"end":{"line":40,"column":1}},"5":{"start":{"line":21,"column":2},"end":{"line":39,"column":3}},"6":{"start":{"line":22,"column":4},"end":{"line":22,"column":69}},"7":{"start":{"line":23,"column":9},"end":{"line":39,"column":3}},"8":{"start":{"line":24,"column":4},"end":{"line":24,"column":66}},"9":{"start":{"line":25,"column":9},"end":{"line":39,"column":3}},"10":{"start":{"line":26,"column":4},"end":{"line":26,"column":80}},"11":{"start":{"line":27,"column":9},"end":{"line":39,"column":3}},"12":{"start":{"line":28,"column":4},"end":{"line":30,"column":48}},"13":{"start":{"line":31,"column":9},"end":{"line":39,"column":3}},"14":{"start":{"line":32,"column":4},"end":{"line":32,"column":69}},"15":{"start":{"line":33,"column":9},"end":{"line":39,"column":3}},"16":{"start":{"line":34,"column":4},"end":{"line":34,"column":67}},"17":{"start":{"line":36,"column":4},"end":{"line":38,"column":48}},"18":{"start":{"line":20,"column":13},"end":{"line":20,"column":34}},"19":{"start":{"line":48,"column":24},"end":{"line":50,"column":1}},"20":{"start":{"line":49,"column":2},"end":{"line":49,"column":45}},"21":{"start":{"line":48,"column":13},"end":{"line":48,"column":24}}},"fnMap":{"0":{"name":"(anonymous_0)","decl":{"start":{"line":20,"column":34},"end":{"line":20,"column":35}},"loc":{"start":{"line":20,"column":62},"end":{"line":40,"column":1}}},"1":{"name":"(anonymous_1)","decl":{"start":{"line":48,"column":24},"end":{"line":48,"column":25}},"loc":{"start":{"line":48,"column":54},"end":{"line":50,"column":1}}}},"branchMap":{"0":{"loc":{"start":{"line":21,"column":2},"end":{"line":39,"column":3}},"type":"if","locations":[{"start":{"line":21,"column":2},"end":{"line":39,"column":3}},{"start":{"line":23,"column":9},"end":{"line":39,"column":3}}]},"1":{"loc":{"start":{"line":23,"column":9},"end":{"line":39,"column":3}},"type":"if","locations":[{"start":{"line":23,"column":9},"end":{"line":39,"column":3}},{"start":{"line":25,"column":9},"end":{"line":39,"column":3}}]},"2":{"loc":{"start":{"line":25,"column":9},"end":{"line":39,"column":3}},"type":"if","locations":[{"start":{"line":25,"column":9},"end":{"line":39,"column":3}},{"start":{"line":27,"column":9},"end":{"line":39,"column":3}}]},"3":{"loc":{"start":{"line":27,"column":9},"end":{"line":39,"column":3}},"type":"if","locations":[{"start":{"line":27,"column":9},"end":{"line":39,"column":3}},{"start":{"line":31,"column":9},"end":{"line":39,"column":3}}]},"4":{"loc":{"start":{"line":31,"column":9},"end":{"line":39,"column":3}},"type":"if","locations":[{"start":{"line":31,"column":9},"end":{"line":39,"column":3}},{"start":{"line":33,"column":9},"end":{"line":39,"column":3}}]},"5":{"loc":{"start":{"line":33,"column":9},"end":{"line":39,"column":3}},"type":"if","locations":[{"start":{"line":33,"column":9},"end":{"line":39,"column":3}},{"start":{"line":35,"column":9},"end":{"line":39,"column":3}}]}},"s":{"0":2,"1":2,"2":2,"3":2,"4":2,"5":3,"6":1,"7":2,"8":1,"9":1,"10":1,"11":0,"12":0,"13":0,"14":0,"15":0,"16":0,"17":0,"18":2,"19":2,"20":3,"21":2},"f":{"0":3,"1":3},"b":{"0":[1,2],"1":[1,1],"2":[1,0],"3":[0,0],"4":[0,0],"5":[0,0]}}
,"G:\\Ghost-Projects\\Creator-Trends\\services\\user-service\\src\\validators\\authValidators.ts": {"path":"G:\\Ghost-Projects\\Creator-Trends\\services\\user-service\\src\\validators\\authValidators.ts","statementMap":{"0":{"start":{"line":1,"column":0},"end":{"line":1,"column":24}},"1":{"start":{"line":3,"column":23},"end":{"line":6,"column":2}},"2":{"start":{"line":8,"column":20},"end":{"line":11,"column":2}},"3":{"start":{"line":20,"column":32},"end":{"line":22,"column":1}},"4":{"start":{"line":21,"column":2},"end":{"line":21,"column":36}},"5":{"start":{"line":20,"column":13},"end":{"line":20,"column":32}},"6":{"start":{"line":31,"column":29},"end":{"line":33,"column":1}},"7":{"start":{"line":32,"column":2},"end":{"line":32,"column":33}},"8":{"start":{"line":31,"column":13},"end":{"line":31,"column":29}}},"fnMap":{"0":{"name":"(anonymous_0)","decl":{"start":{"line":20,"column":32},"end":{"line":20,"column":33}},"loc":{"start":{"line":20,"column":46},"end":{"line":22,"column":1}}},"1":{"name":"(anonymous_1)","decl":{"start":{"line":31,"column":29},"end":{"line":31,"column":30}},"loc":{"start":{"line":31,"column":43},"end":{"line":33,"column":1}}}},"branchMap":{},"s":{"0":2,"1":2,"2":2,"3":2,"4":3,"5":2,"6":2,"7":3,"8":2},"f":{"0":3,"1":3},"b":{}}
,"G:\\Ghost-Projects\\Creator-Trends\\services\\user-service\\src\\validators\\profileValidators.ts": {"path":"G:\\Ghost-Projects\\Creator-Trends\\services\\user-service\\src\\validators\\profileValidators.ts","statementMap":{"0":{"start":{"line":1,"column":0},"end":{"line":1,"column":24}},"1":{"start":{"line":2,"column":0},"end":{"line":2,"column":62}},"2":{"start":{"line":4,"column":21},"end":{"line":4,"column":48}},"3":{"start":{"line":5,"column":32},"end":{"line":10,"column":2}},"4":{"start":{"line":19,"column":30},"end":{"line":25,"column":1}},"5":{"start":{"line":20,"column":19},"end":{"line":20,"column":53}},"6":{"start":{"line":21,"column":2},"end":{"line":23,"column":3}},"7":{"start":{"line":22,"column":4},"end":{"line":22,"column":35}},"8":{"start":{"line":24,"column":2},"end":{"line":24,"column":23}},"9":{"start":{"line":19,"column":13},"end":{"line":19,"column":30}},"10":{"start":{"line":34,"column":41},"end":{"line":36,"column":1}},"11":{"start":{"line":35,"column":2},"end":{"line":35,"column":45}},"12":{"start":{"line":34,"column":13},"end":{"line":34,"column":41}}},"fnMap":{"0":{"name":"(anonymous_0)","decl":{"start":{"line":19,"column":30},"end":{"line":19,"column":31}},"loc":{"start":{"line":19,"column":50},"end":{"line":25,"column":1}}},"1":{"name":"(anonymous_1)","decl":{"start":{"line":34,"column":41},"end":{"line":34,"column":42}},"loc":{"start":{"line":34,"column":55},"end":{"line":36,"column":1}}}},"branchMap":{"0":{"loc":{"start":{"line":21,"column":2},"end":{"line":23,"column":3}},"type":"if","locations":[{"start":{"line":21,"column":2},"end":{"line":23,"column":3}}]}},"s":{"0":2,"1":2,"2":2,"3":2,"4":2,"5":2,"6":2,"7":0,"8":2,"9":2,"10":2,"11":1,"12":2},"f":{"0":2,"1":1},"b":{"0":[0]}}
}
