TN:
SF:src\server.ts
FN:58,(anonymous_1)
FN:60,(anonymous_2)
FN:70,(anonymous_3)
FN:72,(anonymous_4)
FN:83,(anonymous_5)
FN:88,(anonymous_6)
FN:93,(anonymous_7)
FN:104,(anonymous_8)
FN:105,(anonymous_9)
FNF:9
FNH:4
FNDA:6,(anonymous_1)
FNDA:6,(anonymous_2)
FNDA:2,(anonymous_3)
FNDA:2,(anonymous_4)
FNDA:0,(anonymous_5)
FNDA:0,(anonymous_6)
FNDA:0,(anonymous_7)
FNDA:0,(anonymous_8)
FNDA:0,(anonymous_9)
DA:1,2
DA:2,2
DA:3,2
DA:4,2
DA:5,2
DA:6,2
DA:7,2
DA:8,2
DA:10,2
DA:13,2
DA:16,2
DA:22,2
DA:29,2
DA:38,2
DA:52,2
DA:53,2
DA:56,2
DA:59,6
DA:60,6
DA:61,6
DA:63,6
DA:68,2
DA:71,2
DA:72,2
DA:73,2
DA:75,2
DA:80,2
DA:83,2
DA:84,0
DA:85,0
DA:88,2
DA:89,0
DA:90,0
DA:91,0
DA:92,0
DA:93,0
DA:94,0
DA:97,0
DA:98,0
DA:102,2
DA:103,0
DA:104,0
DA:106,0
DA:107,0
DA:111,2
LF:45
LH:31
BRDA:92,0,0,0
BRDA:92,0,1,0
BRDA:102,1,0,0
BRF:3
BRH:0
end_of_record
TN:
SF:src\config\db.ts
FN:5,(anonymous_6)
FN:40,(anonymous_7)
FN:40,(anonymous_8)
FN:42,(anonymous_9)
FNF:4
FNH:4
FNDA:3,(anonymous_6)
FNDA:3,(anonymous_7)
FNDA:3,(anonymous_8)
FNDA:3,(anonymous_9)
DA:1,3
DA:2,3
DA:3,3
DA:5,3
DA:6,3
DA:7,3
DA:8,3
DA:9,3
DA:12,3
DA:19,3
DA:20,3
DA:22,3
DA:23,3
DA:25,3
DA:26,3
DA:28,3
DA:29,0
DA:33,3
DA:35,3
DA:40,3
DA:42,3
DA:43,3
DA:44,3
DA:46,3
DA:47,3
DA:51,3
DA:52,3
DA:53,3
DA:56,3
DA:57,3
DA:59,0
DA:60,0
DA:64,3
LF:33
LH:30
BRDA:5,0,0,3
BRDA:5,0,1,3
BRDA:19,1,0,3
BRDA:19,1,1,0
BRDA:28,2,0,0
BRDA:33,3,0,0
BRDA:33,3,1,3
BRDA:51,4,0,3
BRF:8
BRH:5
end_of_record
TN:
SF:src\config\logger.ts
FN:56,ensureLogDirectoryExists
FNF:1
FNH:1
FNDA:2,ensureLogDirectoryExists
DA:1,2
DA:2,2
DA:3,2
DA:4,2
DA:8,2
DA:9,2
DA:10,2
DA:11,2
DA:15,2
DA:43,2
DA:44,2
DA:52,2
DA:57,2
DA:58,2
DA:60,0
DA:61,0
DA:67,2
LF:17
LH:15
BRDA:8,0,0,2
BRDA:8,0,1,2
BRDA:9,1,0,2
BRDA:9,1,1,2
BRDA:10,2,0,2
BRDA:10,2,1,2
BRDA:43,3,0,2
BRF:7
BRH:7
end_of_record
TN:
SF:src\config\swagger.ts
FN:24,(anonymous_1)
FN:28,(anonymous_2)
FNF:2
FNH:1
FNDA:2,(anonymous_1)
FNDA:0,(anonymous_2)
DA:1,2
DA:3,2
DA:4,2
DA:5,2
DA:8,2
DA:10,2
DA:12,2
DA:14,2
DA:19,0
DA:24,2
DA:25,2
DA:27,2
DA:28,2
DA:29,0
DA:30,0
DA:35,2
LF:16
LH:13
BRDA:25,0,0,2
BRF:1
BRH:1
end_of_record
TN:
SF:src\config\swaggerConfig.js
FNF:0
FNH:0
DA:3,0
DA:4,0
DA:6,0
DA:20,0
DA:23,0
DA:24,0
LF:6
LH:0
BRF:0
BRH:0
end_of_record
TN:
SF:src\constants\http-status-codes.ts
FNF:0
FNH:0
DA:14,2
DA:88,2
LF:2
LH:2
BRF:0
BRH:0
end_of_record
TN:
SF:src\controllers\authController.ts
FN:14,(anonymous_1)
FN:32,(anonymous_2)
FNF:2
FNH:2
FNDA:3,(anonymous_1)
FNDA:3,(anonymous_2)
DA:2,2
DA:3,2
DA:4,2
DA:5,2
DA:6,2
DA:14,2
DA:15,3
DA:16,3
DA:17,2
DA:18,1
DA:19,1
DA:21,2
DA:22,2
DA:32,2
DA:33,3
DA:34,3
DA:35,3
DA:36,2
DA:37,2
DA:39,1
DA:40,1
DA:41,1
LF:22
LH:22
BRF:0
BRH:0
end_of_record
TN:
SF:src\controllers\profileController.ts
FN:16,(anonymous_1)
FN:36,(anonymous_2)
FNF:2
FNH:2
FNDA:1,(anonymous_1)
FNDA:1,(anonymous_2)
DA:2,2
DA:3,2
DA:7,2
DA:8,2
DA:16,2
DA:20,1
DA:21,1
DA:22,1
DA:23,1
DA:25,0
DA:26,0
DA:36,2
DA:40,1
DA:41,1
DA:42,1
DA:43,1
DA:44,1
DA:46,0
DA:47,0
LF:19
LH:15
BRF:0
BRH:0
end_of_record
TN:
SF:src\models\user.ts
FNF:0
FNH:0
DA:1,3
DA:2,3
DA:30,3
DA:66,3
LF:4
LH:4
BRF:0
BRH:0
end_of_record
TN:
SF:src\routes\auth.ts
FNF:0
FNH:0
DA:2,2
DA:3,2
DA:5,2
DA:7,2
DA:8,2
DA:10,2
LF:6
LH:6
BRF:0
BRH:0
end_of_record
TN:
SF:src\routes\profile.ts
FNF:0
FNH:0
DA:2,2
DA:3,2
DA:5,2
DA:7,2
DA:8,2
DA:10,2
LF:6
LH:6
BRF:0
BRH:0
end_of_record
TN:
SF:src\services\authService.ts
FN:8,(anonymous_1)
FN:15,(anonymous_2)
FN:22,(anonymous_3)
FN:38,(anonymous_4)
FN:51,(anonymous_5)
FN:66,(anonymous_6)
FNF:6
FNH:5
FNDA:1,(anonymous_1)
FNDA:1,(anonymous_2)
FNDA:0,(anonymous_3)
FNDA:2,(anonymous_4)
FNDA:3,(anonymous_5)
FNDA:3,(anonymous_6)
DA:1,2
DA:2,2
DA:3,2
DA:7,2
DA:9,1
DA:10,1
DA:14,2
DA:16,1
DA:17,1
DA:21,2
DA:23,0
DA:24,0
DA:29,2
DA:30,2
DA:31,0
DA:36,2
DA:39,2
DA:40,2
DA:41,1
DA:44,1
DA:45,1
DA:47,1
DA:52,3
DA:53,3
DA:54,0
DA:57,3
DA:58,3
DA:59,1
DA:62,2
DA:67,3
DA:73,2
LF:31
LH:27
BRDA:30,0,0,0
BRDA:40,1,0,1
BRDA:53,2,0,0
BRDA:53,3,0,3
BRDA:53,3,1,3
BRDA:58,4,0,1
BRF:6
BRH:4
end_of_record
TN:
SF:src\services\profileService.ts
FN:6,(anonymous_1)
FN:13,(anonymous_2)
FN:20,(anonymous_3)
FN:35,(anonymous_4)
FN:56,(anonymous_5)
FNF:5
FNH:2
FNDA:0,(anonymous_1)
FNDA:0,(anonymous_2)
FNDA:0,(anonymous_3)
FNDA:1,(anonymous_4)
FNDA:1,(anonymous_5)
DA:1,2
DA:5,2
DA:7,0
DA:8,0
DA:12,2
DA:14,0
DA:15,0
DA:19,2
DA:21,0
DA:22,0
DA:36,1
DA:37,0
DA:40,1
DA:41,1
DA:42,0
DA:44,1
DA:60,1
DA:61,0
DA:64,1
DA:65,1
DA:66,0
DA:69,1
DA:70,1
DA:74,2
LF:24
LH:14
BRDA:6,0,0,0
BRDA:20,1,0,0
BRDA:36,2,0,0
BRDA:36,3,0,1
BRDA:36,3,1,1
BRDA:41,4,0,0
BRDA:60,5,0,0
BRDA:60,6,0,1
BRDA:60,6,1,1
BRDA:65,7,0,0
BRF:10
BRH:4
end_of_record
TN:
SF:src\tests\auth.test.js
FN:4,(anonymous_0)
FN:5,adopt
FN:8,(anonymous_2)
FN:13,(anonymous_3)
FN:14,fulfilled
FN:22,rejected
FN:30,step
FN:41,(anonymous_7)
FN:53,(anonymous_8)
FN:54,(anonymous_9)
FN:58,(anonymous_10)
FN:59,(anonymous_11)
FN:63,(anonymous_12)
FN:64,(anonymous_13)
FN:65,(anonymous_14)
FN:75,(anonymous_15)
FN:76,(anonymous_16)
FN:86,(anonymous_17)
FN:87,(anonymous_18)
FNF:19
FNH:0
FNDA:0,(anonymous_0)
FNDA:0,adopt
FNDA:0,(anonymous_2)
FNDA:0,(anonymous_3)
FNDA:0,fulfilled
FNDA:0,rejected
FNDA:0,step
FNDA:0,(anonymous_7)
FNDA:0,(anonymous_8)
FNDA:0,(anonymous_9)
FNDA:0,(anonymous_10)
FNDA:0,(anonymous_11)
FNDA:0,(anonymous_12)
FNDA:0,(anonymous_13)
FNDA:0,(anonymous_14)
FNDA:0,(anonymous_15)
FNDA:0,(anonymous_16)
FNDA:0,(anonymous_17)
FNDA:0,(anonymous_18)
DA:3,0
DA:6,0
DA:9,0
DA:13,0
DA:15,0
DA:16,0
DA:18,0
DA:23,0
DA:24,0
DA:26,0
DA:31,0
DA:36,0
DA:40,0
DA:42,0
DA:44,0
DA:46,0
DA:47,0
DA:48,0
DA:49,0
DA:50,0
DA:51,0
DA:52,0
DA:53,0
DA:54,0
DA:55,0
DA:58,0
DA:59,0
DA:60,0
DA:63,0
DA:64,0
DA:65,0
DA:66,0
DA:72,0
DA:73,0
DA:75,0
DA:76,0
DA:77,0
DA:83,0
DA:84,0
DA:86,0
DA:87,0
DA:88,0
DA:94,0
LF:43
LH:0
BRDA:3,0,0,0
BRDA:3,0,1,0
BRDA:3,0,2,0
BRDA:6,1,0,0
BRDA:6,1,1,0
BRDA:13,2,0,0
BRDA:13,2,1,0
BRDA:31,3,0,0
BRDA:31,3,1,0
BRDA:36,4,0,0
BRDA:36,4,1,0
BRDA:40,5,0,0
BRDA:40,5,1,0
BRDA:40,5,2,0
BRDA:42,6,0,0
BRDA:42,6,1,0
BRDA:42,7,0,0
BRDA:42,7,1,0
BRF:18
BRH:0
end_of_record
TN:
SF:src\tests\utils.test.js
FN:2,(anonymous_0)
FN:6,(anonymous_1)
FN:9,(anonymous_2)
FN:13,(anonymous_3)
FN:15,(anonymous_4)
FN:18,(anonymous_5)
FN:25,(anonymous_6)
FN:26,adopt
FN:26,(anonymous_8)
FN:27,(anonymous_9)
FN:28,fulfilled
FN:29,rejected
FN:30,step
FN:37,(anonymous_13)
FN:38,(anonymous_14)
FN:38,(anonymous_15)
FNF:16
FNH:0
FNDA:0,(anonymous_0)
FNDA:0,(anonymous_1)
FNDA:0,(anonymous_2)
FNDA:0,(anonymous_3)
FNDA:0,(anonymous_4)
FNDA:0,(anonymous_5)
FNDA:0,(anonymous_6)
FNDA:0,adopt
FNDA:0,(anonymous_8)
FNDA:0,(anonymous_9)
FNDA:0,fulfilled
FNDA:0,rejected
FNDA:0,step
FNDA:0,(anonymous_13)
FNDA:0,(anonymous_14)
FNDA:0,(anonymous_15)
DA:2,0
DA:3,0
DA:4,0
DA:5,0
DA:6,0
DA:8,0
DA:10,0
DA:11,0
DA:13,0
DA:14,0
DA:16,0
DA:18,0
DA:19,0
DA:20,0
DA:21,0
DA:22,0
DA:23,0
DA:25,0
DA:26,0
DA:27,0
DA:28,0
DA:29,0
DA:30,0
DA:31,0
DA:34,0
DA:36,0
DA:37,0
DA:38,0
DA:39,0
DA:40,0
DA:41,0
DA:42,0
LF:32
LH:0
BRDA:2,0,0,0
BRDA:2,0,1,0
BRDA:2,0,2,0
BRDA:2,1,0,0
BRDA:2,1,1,0
BRDA:3,2,0,0
BRDA:3,2,1,0
BRDA:5,3,0,0
BRDA:5,3,1,0
BRDA:5,4,0,0
BRDA:5,4,1,0
BRDA:5,5,0,0
BRDA:5,5,1,0
BRDA:5,6,0,0
BRDA:5,6,1,0
BRDA:10,7,0,0
BRDA:10,7,1,0
BRDA:13,8,0,0
BRDA:13,8,1,0
BRDA:13,8,2,0
BRDA:13,9,0,0
BRDA:13,9,1,0
BRDA:18,10,0,0
BRDA:18,10,1,0
BRDA:18,10,2,0
BRDA:19,11,0,0
BRDA:19,11,1,0
BRDA:19,12,0,0
BRDA:19,12,1,0
BRDA:21,13,0,0
BRDA:21,13,1,0
BRDA:21,14,0,0
BRDA:21,14,1,0
BRDA:21,15,0,0
BRDA:21,15,1,0
BRDA:25,16,0,0
BRDA:25,16,1,0
BRDA:25,16,2,0
BRDA:26,17,0,0
BRDA:26,17,1,0
BRDA:27,18,0,0
BRDA:27,18,1,0
BRDA:30,19,0,0
BRDA:30,19,1,0
BRDA:31,20,0,0
BRDA:31,20,1,0
BRF:46
BRH:0
end_of_record
TN:
SF:src\utils\errorHandlers.ts
FN:20,(anonymous_0)
FN:48,(anonymous_1)
FNF:2
FNH:2
FNDA:3,(anonymous_0)
FNDA:3,(anonymous_1)
DA:2,2
DA:3,2
DA:8,2
DA:12,2
DA:20,2
DA:21,3
DA:22,1
DA:23,2
DA:24,1
DA:25,1
DA:26,1
DA:27,0
DA:28,0
DA:31,0
DA:32,0
DA:33,0
DA:34,0
DA:36,0
DA:48,2
DA:49,3
LF:20
LH:13
BRDA:21,0,0,1
BRDA:21,0,1,2
BRDA:23,1,0,1
BRDA:23,1,1,1
BRDA:25,2,0,1
BRDA:25,2,1,0
BRDA:27,3,0,0
BRDA:27,3,1,0
BRDA:31,4,0,0
BRDA:31,4,1,0
BRDA:33,5,0,0
BRDA:33,5,1,0
BRF:12
BRH:5
end_of_record
TN:
SF:src\validators\authValidators.ts
FN:20,(anonymous_0)
FN:31,(anonymous_1)
FNF:2
FNH:2
FNDA:3,(anonymous_0)
FNDA:3,(anonymous_1)
DA:1,2
DA:3,2
DA:8,2
DA:20,2
DA:21,3
DA:31,2
DA:32,3
LF:7
LH:7
BRF:0
BRH:0
end_of_record
TN:
SF:src\validators\profileValidators.ts
FN:19,(anonymous_0)
FN:34,(anonymous_1)
FNF:2
FNH:2
FNDA:2,(anonymous_0)
FNDA:1,(anonymous_1)
DA:1,2
DA:2,2
DA:4,2
DA:5,2
DA:19,2
DA:20,2
DA:21,2
DA:22,0
DA:24,2
DA:34,2
DA:35,1
LF:11
LH:10
BRDA:21,0,0,0
BRF:1
BRH:0
end_of_record
